<?xml version="1.0" encoding="UTF-8"?>
<!-- Generated by org.testng.reporters.JUnitXMLReporter -->
<testsuite ignored="0" hostname="DESKTOP-8V19EOH" failures="0" tests="9" name="Home Page Test" time="30.503" errors="0" timestamp="2025-02-23T21:03:06 IST">
  <testcase classname="com.qa.opencart.test.HomePageTest" name="headersTest" time="0.153"/>
  <testcase classname="com.qa.opencart.test.HomePageTest" name="homePageTitleTest" time="0.022"/>
  <testcase classname="com.qa.opencart.test.HomePageTest" name="homePageURLTest" time="0.021"/>
  <testcase classname="com.qa.opencart.test.HomePageTest" name="logoutLinkExistTest" time="0.868"/>
  <testcase classname="com.qa.opencart.test.HomePageTest" name="searchTest" time="0.644"/>
  <testcase classname="com.qa.opencart.test.HomePageTest" name="searchTest" time="0.605"/>
  <testcase classname="com.qa.opencart.test.HomePageTest" name="searchTest" time="0.668"/>
  <testcase classname="com.qa.opencart.test.HomePageTest" name="searchTest" time="0.61"/>
  <testcase classname="com.qa.opencart.test.HomePageTest" name="searchTest" time="10.495"/>
</testsuite> <!-- Home Page Test -->
