<?xml version="1.0" encoding="UTF-8"?>
<!-- Generated by org.testng.reporters.JUnitXMLReporter -->
<testsuite ignored="0" hostname="DESKTOP-8V19EOH" failures="0" tests="9" name="Login Page Test" time="14.917" errors="0" timestamp="2025-02-23T21:02:51 IST">
  <testcase classname="com.qa.opencart.test.LoginPageTest" name="footerTest" time="0.725"/>
  <testcase classname="com.qa.opencart.test.LoginPageTest" name="footerTest" time="0.671"/>
  <testcase classname="com.qa.opencart.test.LoginPageTest" name="footerTest" time="0.909"/>
  <testcase classname="com.qa.opencart.test.LoginPageTest" name="footerTest" time="0.577"/>
  <testcase classname="com.qa.opencart.test.LoginPageTest" name="forgotPwdLinkExistTest" time="0.448"/>
  <testcase classname="com.qa.opencart.test.LoginPageTest" name="loginPageTitleTest" time="0.168"/>
  <testcase classname="com.qa.opencart.test.LoginPageTest" name="loginPageURLTest" time="0.162"/>
  <testcase classname="com.qa.opencart.test.LoginPageTest" name="logoTest" time="0.114"/>
  <testcase classname="com.qa.opencart.test.LoginPageTest" name="loginTest" time="2.645"/>
</testsuite> <!-- Login Page Test -->
