<?xml version="1.0" encoding="UTF-8"?>
<!-- Generated by org.testng.reporters.JUnitXMLReporter -->
<testsuite ignored="0" hostname="DESKTOP-8V19EOH" failures="0" tests="9" name="Product Info Page Test" time="26.168" errors="0" timestamp="2025-02-14T15:24:46 IST">
  <testcase classname="com.qa.opencart.test.ProductInfoPageTest" name="productImagesCountTest" time="1.603"/>
  <testcase classname="com.qa.opencart.test.ProductInfoPageTest" name="productImagesCountTest" time="1.644"/>
  <testcase classname="com.qa.opencart.test.ProductInfoPageTest" name="productImagesCountTest" time="1.64"/>
  <testcase classname="com.qa.opencart.test.ProductInfoPageTest" name="productImagesCountTest" time="2.036"/>
  <testcase classname="com.qa.opencart.test.ProductInfoPageTest" name="productImagesCountTest" time="1.649"/>
  <testcase classname="com.qa.opencart.test.ProductInfoPageTest" name="productInfoTest" time="1.374"/>
  <testcase classname="com.qa.opencart.test.ProductInfoPageTest" name="productSearchHeaderTest" time="1.23"/>
  <testcase classname="com.qa.opencart.test.ProductInfoPageTest" name="productSearchHeaderTest" time="0.993"/>
  <testcase classname="com.qa.opencart.test.ProductInfoPageTest" name="productSearchHeaderTest" time="1.094"/>
</testsuite> <!-- Product Info Page Test -->
