<?xml version="1.0" encoding="UTF-8"?>
<!-- Generated by org.testng.reporters.JUnitXMLReporter -->
<testsuite ignored="0" hostname="DESKTOP-8V19EOH" failures="0" tests="9" name="Product Info Page Test" time="25.46" errors="0" timestamp="2025-02-23T21:03:01 IST">
  <testcase classname="com.qa.opencart.test.ProductInfoPageTest" name="productImagesCountTest" time="2.908"/>
  <testcase classname="com.qa.opencart.test.ProductInfoPageTest" name="productImagesCountTest" time="1.972"/>
  <testcase classname="com.qa.opencart.test.ProductInfoPageTest" name="productImagesCountTest" time="1.568"/>
  <testcase classname="com.qa.opencart.test.ProductInfoPageTest" name="productImagesCountTest" time="1.206"/>
  <testcase classname="com.qa.opencart.test.ProductInfoPageTest" name="productImagesCountTest" time="0.975"/>
  <testcase classname="com.qa.opencart.test.ProductInfoPageTest" name="productInfoTest" time="0.999"/>
  <testcase classname="com.qa.opencart.test.ProductInfoPageTest" name="productSearchHeaderTest" time="0.837"/>
  <testcase classname="com.qa.opencart.test.ProductInfoPageTest" name="productSearchHeaderTest" time="0.766"/>
  <testcase classname="com.qa.opencart.test.ProductInfoPageTest" name="productSearchHeaderTest" time="0.82"/>
</testsuite> <!-- Product Info Page Test -->
