<?xml version="1.0" encoding="UTF-8"?>
<testsuite xmlns:xsi="http://www.w3.org/2001/XMLSchema-instance" xsi:noNamespaceSchemaLocation="https://maven.apache.org/surefire/maven-surefire-plugin/xsd/surefire-test-report.xsd" name="TestSuite" time="50.87" tests="33" errors="0" skipped="6" failures="2">
  <properties>
[...]
</properties>
  <testcase name="footerTest" classname="com.qa.opencart.test.LoginPageTest" time="1.79"/>
  <testcase name="footerTest" classname="com.qa.opencart.test.LoginPageTest" time="0.091"/>
  <testcase name="footerTest" classname="com.qa.opencart.test.LoginPageTest" time="0.459"/>
  <testcase name="footerTest" classname="com.qa.opencart.test.LoginPageTest" time="0.338"/>
  <testcase name="headersTest" classname="com.qa.opencart.test.HomePageTest" time="0.256"/>
  <testcase name="homePageTitleTest" classname="com.qa.opencart.test.HomePageTest" time="0.092"/>
  <testcase name="forgotPwdLinkExistTest" classname="com.qa.opencart.test.LoginPageTest" time="0.068"/>
  <testcase name="productImagesCountTest" classname="com.qa.opencart.test.ProductInfoPageTest" time="1.608"/>
  <testcase name="productImagesCountTest" classname="com.qa.opencart.test.ProductInfoPageTest" time="0.097"/>
  <testcase name="productImagesCountTest" classname="com.qa.opencart.test.ProductInfoPageTest" time="0.83"/>
  <testcase name="productImagesCountTest" classname="com.qa.opencart.test.ProductInfoPageTest" time="2.037"/>
  <testcase name="productImagesCountTest" classname="com.qa.opencart.test.ProductInfoPageTest" time="1.65"/>
  <testcase name="homePageURLTest" classname="com.qa.opencart.test.HomePageTest" time="0">
    <skipped message="Cannot invoke &quot;String.contains(java.lang.CharSequence)&quot; because the return value of &quot;com.qa.opecart.pages.HomePage.getHomePageURL()&quot; is null"/>
    <system-out><![CDATA[I am in onTestStart method productImagesCountTest start
search key: macbook
product name: MacBook Air
URL is not fount after: 5 Seconds 
I am in onTestSkipped method homePageURLTest skipped
]]></system-out>
  </testcase>
  <testcase name="homePageURLTest" classname="com.qa.opencart.test.HomePageTest" time="0">
    <skipped message="Cannot invoke &quot;String.contains(java.lang.CharSequence)&quot; because the return value of &quot;com.qa.opecart.pages.HomePage.getHomePageURL()&quot; is null"/>
    <system-out><![CDATA[I am in onTestStart method productImagesCountTest start
search key: samsung
product name: Samsung Galaxy Tab 10.1
URL is not fount after: 5 Seconds 
I am in onTestSkipped method homePageURLTest skipped
]]></system-out>
  </testcase>
  <testcase name="homePageURLTest" classname="com.qa.opencart.test.HomePageTest" time="0">
    <skipped message="Cannot invoke &quot;String.contains(java.lang.CharSequence)&quot; because the return value of &quot;com.qa.opecart.pages.HomePage.getHomePageURL()&quot; is null"/>
    <system-out><![CDATA[I am in onFinish method Product Info Page Test
URL is not fount after: 5 Seconds 
I am in onTestSkipped method homePageURLTest skipped
]]></system-out>
  </testcase>
  <testcase name="homePageURLTest" classname="com.qa.opencart.test.HomePageTest" time="4.845">
    <failure message="Cannot invoke &quot;String.contains(java.lang.CharSequence)&quot; because the return value of &quot;com.qa.opecart.pages.HomePage.getHomePageURL()&quot; is null" type="java.lang.NullPointerException">java.lang.NullPointerException: Cannot invoke "String.contains(java.lang.CharSequence)" because the return value of "com.qa.opecart.pages.HomePage.getHomePageURL()" is null
	at com.qa.opencart.test.HomePageTest.homePageURLTest(HomePageTest.java:32)
</failure>
    <system-out><![CDATA[I am in onTestStart method loginPageTitleTest start
URL is not fount after: 5 Seconds 
I am in onTestFailure method homePageURLTest failed
Screenshot captured for test case:homePageURLTest
]]></system-out>
  </testcase>
  <testcase name="loginPageTitleTest" classname="com.qa.opencart.test.LoginPageTest" time="0">
    <skipped message="==Title is not matched== expected [Account Logins] but found [null]"/>
    <system-out><![CDATA[I am in onTestStart method productImagesCountTest start
search key: imac
title is not fount after: 5
I am in onTestSkipped method loginPageTitleTest skipped
]]></system-out>
  </testcase>
  <testcase name="loginPageTitleTest" classname="com.qa.opencart.test.LoginPageTest" time="0">
    <skipped message="==Title is not matched== expected [Account Logins] but found [null]"/>
    <system-out><![CDATA[I am in onTestStart method productInfoTest start
search key: macbook
I am in onTestStart method homePageURLTest start
product name: MacBook Pro
title is not fount after: 5
I am in onTestSkipped method loginPageTitleTest skipped
]]></system-out>
  </testcase>
  <testcase name="loginPageTitleTest" classname="com.qa.opencart.test.LoginPageTest" time="0">
    <skipped message="==Title is not matched== expected [Account Logins] but found [null]"/>
    <system-out><![CDATA[I am in onTestStart method homePageURLTest start
title is not fount after: 5
I am in onTestSkipped method loginPageTitleTest skipped
]]></system-out>
  </testcase>
  <testcase name="loginPageTitleTest" classname="com.qa.opencart.test.LoginPageTest" time="0.108">
    <failure message="==Title is not matched== expected [Account Logins] but found [null]" type="java.lang.AssertionError">java.lang.AssertionError: ==Title is not matched== expected [Account Logins] but found [null]
	at com.qa.opencart.test.LoginPageTest.loginPageTitleTest(LoginPageTest.java:32)
</failure>
    <system-out><![CDATA[I am in onTestStart method searchTest start
search key: macbook
]]></system-out>
  </testcase>
  <testcase name="productInfoTest" classname="com.qa.opencart.test.ProductInfoPageTest" time="0.359"/>
  <testcase name="productSearchHeaderTest" classname="com.qa.opencart.test.ProductInfoPageTest" time="1.235"/>
  <testcase name="productSearchHeaderTest" classname="com.qa.opencart.test.ProductInfoPageTest" time="0.999"/>
  <testcase name="productSearchHeaderTest" classname="com.qa.opencart.test.ProductInfoPageTest" time="1.099"/>
  <testcase name="logoutLinkExistTest" classname="com.qa.opencart.test.HomePageTest" time="0.1"/>
  <testcase name="loginPageURLTest" classname="com.qa.opencart.test.LoginPageTest" time="0.051"/>
  <testcase name="logoTest" classname="com.qa.opencart.test.LoginPageTest" time="0.071"/>
  <testcase name="searchTest" classname="com.qa.opencart.test.HomePageTest" time="0.609"/>
  <testcase name="searchTest" classname="com.qa.opencart.test.HomePageTest" time="0.989"/>
  <testcase name="searchTest" classname="com.qa.opencart.test.HomePageTest" time="0.953"/>
  <testcase name="searchTest" classname="com.qa.opencart.test.HomePageTest" time="0.817"/>
  <testcase name="searchTest" classname="com.qa.opencart.test.HomePageTest" time="10.846"/>
  <testcase name="loginTest" classname="com.qa.opencart.test.LoginPageTest" time="0.993"/>
</testsuite>