<?xml version="1.0" encoding="UTF-8"?>
<testsuite xmlns:xsi="http://www.w3.org/2001/XMLSchema-instance" xsi:noNamespaceSchemaLocation="https://maven.apache.org/surefire/maven-surefire-plugin/xsd/surefire-test-report.xsd" name="TestSuite" time="33.09" tests="27" errors="0" skipped="0" failures="0">
  <properties>
[...]
</properties>
  <testcase name="footerTest" classname="com.qa.opencart.test.LoginPageTest" time="0.999"/>
  <testcase name="footerTest" classname="com.qa.opencart.test.LoginPageTest" time="0.673"/>
  <testcase name="footerTest" classname="com.qa.opencart.test.LoginPageTest" time="0.915"/>
  <testcase name="footerTest" classname="com.qa.opencart.test.LoginPageTest" time="0.581"/>
  <testcase name="forgotPwdLinkExistTest" classname="com.qa.opencart.test.LoginPageTest" time="0.459"/>
  <testcase name="loginPageTitleTest" classname="com.qa.opencart.test.LoginPageTest" time="0.174"/>
  <testcase name="loginPageURLTest" classname="com.qa.opencart.test.LoginPageTest" time="0.182"/>
  <testcase name="logoTest" classname="com.qa.opencart.test.LoginPageTest" time="0.107"/>
  <testcase name="loginTest" classname="com.qa.opencart.test.LoginPageTest" time="1.864"/>
  <testcase name="productImagesCountTest" classname="com.qa.opencart.test.ProductInfoPageTest" time="2.957"/>
  <testcase name="productImagesCountTest" classname="com.qa.opencart.test.ProductInfoPageTest" time="0.057"/>
  <testcase name="productImagesCountTest" classname="com.qa.opencart.test.ProductInfoPageTest" time="0.339"/>
  <testcase name="productImagesCountTest" classname="com.qa.opencart.test.ProductInfoPageTest" time="0.926"/>
  <testcase name="productImagesCountTest" classname="com.qa.opencart.test.ProductInfoPageTest" time="0.977"/>
  <testcase name="headersTest" classname="com.qa.opencart.test.HomePageTest" time="0.169"/>
  <testcase name="homePageTitleTest" classname="com.qa.opencart.test.HomePageTest" time="0.035"/>
  <testcase name="homePageURLTest" classname="com.qa.opencart.test.HomePageTest" time="0.035"/>
  <testcase name="logoutLinkExistTest" classname="com.qa.opencart.test.HomePageTest" time="0.868"/>
  <testcase name="searchTest" classname="com.qa.opencart.test.HomePageTest" time="0.646"/>
  <testcase name="searchTest" classname="com.qa.opencart.test.HomePageTest" time="0.548"/>
  <testcase name="searchTest" classname="com.qa.opencart.test.HomePageTest" time="0.67"/>
  <testcase name="searchTest" classname="com.qa.opencart.test.HomePageTest" time="0.276"/>
  <testcase name="searchTest" classname="com.qa.opencart.test.HomePageTest" time="5.977"/>
  <testcase name="productInfoTest" classname="com.qa.opencart.test.ProductInfoPageTest" time="1"/>
  <testcase name="productSearchHeaderTest" classname="com.qa.opencart.test.ProductInfoPageTest" time="0.837"/>
  <testcase name="productSearchHeaderTest" classname="com.qa.opencart.test.ProductInfoPageTest" time="0.767"/>
  <testcase name="productSearchHeaderTest" classname="com.qa.opencart.test.ProductInfoPageTest" time="0.825"/>
</testsuite>